<?xml version="1.0" encoding="UTF-8"?>
<!-- Generated by org.testng.reporters.JUnitReportReporter -->
<testsuite hostname="DESKTOP-4DSHCHQ" failures="0" tests="5" name="testSenarios.TestCases" time="3.193" errors="0" timestamp="2022-06-19T11:23:36 IST" skipped="3">
  <testcase classname="testSenarios.TestCases" name="backoption" time="2.165"/>
  <system-out/>
  <testcase classname="testSenarios.TestCases" name="bookdel" time="1.028"/>
  <system-out/>
  <testcase classname="testSenarios.TestCases" name="createbook">
    <skipped/>
  </testcase> <!-- createbook -->
  <system-out/>
  <testcase classname="testSenarios.TestCases" name="updatebookdetails">
    <skipped/>
  </testcase> <!-- updatebookdetails -->
  <system-out/>
  <testcase classname="testSenarios.TestCases" name="bookdeatils">
    <skipped/>
  </testcase> <!-- bookdeatils -->
  <system-out/>
</testsuite> <!-- testSenarios.TestCases -->
