<?xml version="1.0" encoding="UTF-8"?>
<!-- Generated by org.testng.reporters.JUnitReportReporter -->
<testsuite hostname="DESKTOP-4DSHCHQ" failures="0" tests="1" name="testSenarios.TestCases" time="5.841" errors="0" timestamp="2022-06-11T18:29:22 IST" skipped="0">
  <testcase classname="testSenarios.TestCases" name="createbook" time="5.841"/>
  <system-out/>
</testsuite> <!-- testSenarios.TestCases -->
